<?xml version="1.0" encoding="UTF-8"?>
<!-- Generated by org.testng.reporters.JUnitReportReporter -->
<testsuite hostname="DESKTOP-L54O7G3" failures="0" tests="1" name="tests.UyelikOlusturarakTest" time="39.927" errors="0" timestamp="2022-11-06T01:25:07 EET" skipped="0">
  <testcase classname="tests.UyelikOlusturarakTest" name="test01" time="39.927"/>
  <system-out/>
</testsuite> <!-- tests.UyelikOlusturarakTest -->
